
*** Running vivado
    with args -log main.vds -m64 -product Vivado -mode batch -messageDb vivado.pb -notrace -source main.tcl


****** Vivado v2016.3 (64-bit)
  **** SW Build 1682563 on Mon Oct 10 19:07:27 MDT 2016
  **** IP Build 1681267 on Mon Oct 10 21:28:31 MDT 2016
    ** Copyright 1986-2016 Xilinx, Inc. All Rights Reserved.

source main.tcl -notrace
Command: synth_design -top main -part xc7z020clg484-1
Starting synth_design
Attempting to get a license for feature 'Synthesis' and/or device 'xc7z020'
INFO: [Common 17-349] Got license for feature 'Synthesis' and/or device 'xc7z020'
INFO: Launching helper process for spawning children vivado processes
INFO: Helper process launched with PID 6156 
---------------------------------------------------------------------------------
Starting RTL Elaboration : Time (s): cpu = 00:00:05 ; elapsed = 00:00:07 . Memory (MB): peak = 321.203 ; gain = 111.855
---------------------------------------------------------------------------------
INFO: [Synth 8-638] synthesizing module 'main' [C:/Users/student/Desktop/1155125476/2d_air_craft_game/2d_air_craft_game.srcs/sources_1/new/main.vhd:43]
	Parameter N bound to: 1 - type: integer 
INFO: [Synth 8-3491] module 'clock_divider' declared at 'C:/Users/student/Desktop/1155125476/2d_air_craft_game/2d_air_craft_game.srcs/sources_1/new/clock_divider.vhd:34' bound to instance 'u_clk50mhz' of component 'clock_divider' [C:/Users/student/Desktop/1155125476/2d_air_craft_game/2d_air_craft_game.srcs/sources_1/new/main.vhd:98]
INFO: [Synth 8-638] synthesizing module 'clock_divider' [C:/Users/student/Desktop/1155125476/2d_air_craft_game/2d_air_craft_game.srcs/sources_1/new/clock_divider.vhd:42]
	Parameter N bound to: 1 - type: integer 
INFO: [Synth 8-256] done synthesizing module 'clock_divider' (1#1) [C:/Users/student/Desktop/1155125476/2d_air_craft_game/2d_air_craft_game.srcs/sources_1/new/clock_divider.vhd:42]
WARNING: [Synth 8-614] signal 'vcount' is read in the process but is not in the sensitivity list [C:/Users/student/Desktop/1155125476/2d_air_craft_game/2d_air_craft_game.srcs/sources_1/new/main.vhd:132]
	Parameter N bound to: 50000000 - type: integer 
INFO: [Synth 8-3491] module 'clock_divider' declared at 'C:/Users/student/Desktop/1155125476/2d_air_craft_game/2d_air_craft_game.srcs/sources_1/new/clock_divider.vhd:34' bound to instance 'u_clk1hz' of component 'clock_divider' [C:/Users/student/Desktop/1155125476/2d_air_craft_game/2d_air_craft_game.srcs/sources_1/new/main.vhd:141]
INFO: [Synth 8-638] synthesizing module 'clock_divider__parameterized1' [C:/Users/student/Desktop/1155125476/2d_air_craft_game/2d_air_craft_game.srcs/sources_1/new/clock_divider.vhd:42]
	Parameter N bound to: 50000000 - type: integer 
INFO: [Synth 8-256] done synthesizing module 'clock_divider__parameterized1' (1#1) [C:/Users/student/Desktop/1155125476/2d_air_craft_game/2d_air_craft_game.srcs/sources_1/new/clock_divider.vhd:42]
	Parameter N bound to: 5000000 - type: integer 
INFO: [Synth 8-3491] module 'clock_divider' declared at 'C:/Users/student/Desktop/1155125476/2d_air_craft_game/2d_air_craft_game.srcs/sources_1/new/clock_divider.vhd:34' bound to instance 'u_clk10hz' of component 'clock_divider' [C:/Users/student/Desktop/1155125476/2d_air_craft_game/2d_air_craft_game.srcs/sources_1/new/main.vhd:142]
INFO: [Synth 8-638] synthesizing module 'clock_divider__parameterized3' [C:/Users/student/Desktop/1155125476/2d_air_craft_game/2d_air_craft_game.srcs/sources_1/new/clock_divider.vhd:42]
	Parameter N bound to: 5000000 - type: integer 
INFO: [Synth 8-256] done synthesizing module 'clock_divider__parameterized3' (1#1) [C:/Users/student/Desktop/1155125476/2d_air_craft_game/2d_air_craft_game.srcs/sources_1/new/clock_divider.vhd:42]
WARNING: [Synth 8-614] signal 'bullet_x' is read in the process but is not in the sensitivity list [C:/Users/student/Desktop/1155125476/2d_air_craft_game/2d_air_craft_game.srcs/sources_1/new/main.vhd:220]
WARNING: [Synth 8-614] signal 'bullet_y' is read in the process but is not in the sensitivity list [C:/Users/student/Desktop/1155125476/2d_air_craft_game/2d_air_craft_game.srcs/sources_1/new/main.vhd:220]
WARNING: [Synth 8-614] signal 'enemy_x' is read in the process but is not in the sensitivity list [C:/Users/student/Desktop/1155125476/2d_air_craft_game/2d_air_craft_game.srcs/sources_1/new/main.vhd:220]
WARNING: [Synth 8-614] signal 'enemy_y' is read in the process but is not in the sensitivity list [C:/Users/student/Desktop/1155125476/2d_air_craft_game/2d_air_craft_game.srcs/sources_1/new/main.vhd:220]
INFO: [Synth 8-256] done synthesizing module 'main' (2#1) [C:/Users/student/Desktop/1155125476/2d_air_craft_game/2d_air_craft_game.srcs/sources_1/new/main.vhd:43]
---------------------------------------------------------------------------------
Finished RTL Elaboration : Time (s): cpu = 00:00:06 ; elapsed = 00:00:08 . Memory (MB): peak = 358.547 ; gain = 149.199
---------------------------------------------------------------------------------

Report Check Netlist: 
+------+------------------+-------+---------+-------+------------------+
|      |Item              |Errors |Warnings |Status |Description       |
+------+------------------+-------+---------+-------+------------------+
|1     |multi_driven_nets |      0|        0|Passed |Multi driven nets |
+------+------------------+-------+---------+-------+------------------+
---------------------------------------------------------------------------------
Finished RTL Optimization Phase 1 : Time (s): cpu = 00:00:06 ; elapsed = 00:00:08 . Memory (MB): peak = 358.547 ; gain = 149.199
---------------------------------------------------------------------------------
INFO: [Device 21-403] Loading part xc7z020clg484-1
INFO: [Project 1-570] Preparing netlist for logic optimization

Processing XDC Constraints
Initializing timing engine
Parsing XDC File [C:/Users/student/Desktop/1155125476/2d_air_craft_game/2d_air_craft_game.srcs/constrs_1/new/main.xdc]
WARNING: [Vivado 12-584] No ports matched '[get_ports -of_objects [get_iobanks 33]]'. [C:/Users/student/Desktop/1155125476/2d_air_craft_game/2d_air_craft_game.srcs/constrs_1/new/main.xdc:19]
Finished Parsing XDC File [C:/Users/student/Desktop/1155125476/2d_air_craft_game/2d_air_craft_game.srcs/constrs_1/new/main.xdc]
INFO: [Project 1-236] Implementation specific constraints were found while reading constraint file [C:/Users/student/Desktop/1155125476/2d_air_craft_game/2d_air_craft_game.srcs/constrs_1/new/main.xdc]. These constraints will be ignored for synthesis but will be used in implementation. Impacted constraints are listed in the file [.Xil/main_propImpl.xdc].
Resolution: To avoid this warning, move constraints listed in [.Xil/main_propImpl.xdc] to another XDC file and exclude this new file from synthesis with the used_in_synthesis property (File Properties dialog in GUI) and re-run elaboration/synthesis.
Completed Processing XDC Constraints

INFO: [Project 1-111] Unisim Transformation Summary:
No Unisim elements were transformed.

Constraint Validation Runtime : Time (s): cpu = 00:00:00 ; elapsed = 00:00:00 . Memory (MB): peak = 682.418 ; gain = 0.000
---------------------------------------------------------------------------------
Finished Constraint Validation : Time (s): cpu = 00:00:13 ; elapsed = 00:00:16 . Memory (MB): peak = 682.418 ; gain = 473.070
---------------------------------------------------------------------------------
---------------------------------------------------------------------------------
Start Loading Part and Timing Information
---------------------------------------------------------------------------------
Loading part: xc7z020clg484-1
---------------------------------------------------------------------------------
Finished Loading Part and Timing Information : Time (s): cpu = 00:00:13 ; elapsed = 00:00:16 . Memory (MB): peak = 682.418 ; gain = 473.070
---------------------------------------------------------------------------------
---------------------------------------------------------------------------------
Start Applying 'set_property' XDC Constraints
---------------------------------------------------------------------------------
---------------------------------------------------------------------------------
Finished applying 'set_property' XDC Constraints : Time (s): cpu = 00:00:13 ; elapsed = 00:00:16 . Memory (MB): peak = 682.418 ; gain = 473.070
---------------------------------------------------------------------------------
INFO: [Synth 8-5545] ROM "sig" won't be mapped to RAM because address size (32) is larger than maximum supported(25)
INFO: [Synth 8-5545] ROM "counter" won't be mapped to RAM because address size (32) is larger than maximum supported(25)
INFO: [Synth 8-5545] ROM "sig" won't be mapped to RAM because address size (32) is larger than maximum supported(25)
INFO: [Synth 8-5545] ROM "counter" won't be mapped to RAM because address size (32) is larger than maximum supported(25)
INFO: [Synth 8-5545] ROM "sig" won't be mapped to RAM because address size (32) is larger than maximum supported(25)
INFO: [Synth 8-5545] ROM "counter" won't be mapped to RAM because address size (32) is larger than maximum supported(25)
INFO: [Synth 8-5818] HDL ADVISOR - The operator resource <adder> is shared. To prevent sharing consider applying a KEEP on the output of the operator [C:/Users/student/Desktop/1155125476/2d_air_craft_game/2d_air_craft_game.srcs/sources_1/new/main.vhd:180]
INFO: [Synth 8-5818] HDL ADVISOR - The operator resource <adder> is shared. To prevent sharing consider applying a KEEP on the output of the operator [C:/Users/student/Desktop/1155125476/2d_air_craft_game/2d_air_craft_game.srcs/sources_1/new/main.vhd:186]
INFO: [Synth 8-41] '_-' operator could not be merged with '+' operator due to loss of accuracy [C:/Users/student/Desktop/1155125476/2d_air_craft_game/2d_air_craft_game.srcs/sources_1/new/main.vhd:224]
INFO: [Synth 8-41] '_-' operator could not be merged with '+' operator due to loss of accuracy [C:/Users/student/Desktop/1155125476/2d_air_craft_game/2d_air_craft_game.srcs/sources_1/new/main.vhd:224]
INFO: [Synth 8-41] '_-' operator could not be merged with '+' operator due to loss of accuracy [C:/Users/student/Desktop/1155125476/2d_air_craft_game/2d_air_craft_game.srcs/sources_1/new/main.vhd:232]
INFO: [Synth 8-41] '_-' operator could not be merged with '+' operator due to loss of accuracy [C:/Users/student/Desktop/1155125476/2d_air_craft_game/2d_air_craft_game.srcs/sources_1/new/main.vhd:232]
INFO: [Synth 8-41] '_-' operator could not be merged with '+' operator due to loss of accuracy [C:/Users/student/Desktop/1155125476/2d_air_craft_game/2d_air_craft_game.srcs/sources_1/new/main.vhd:224]
INFO: [Synth 8-41] '_-' operator could not be merged with '+' operator due to loss of accuracy [C:/Users/student/Desktop/1155125476/2d_air_craft_game/2d_air_craft_game.srcs/sources_1/new/main.vhd:224]
INFO: [Synth 8-41] '_-' operator could not be merged with '+' operator due to loss of accuracy [C:/Users/student/Desktop/1155125476/2d_air_craft_game/2d_air_craft_game.srcs/sources_1/new/main.vhd:232]
INFO: [Synth 8-41] '_-' operator could not be merged with '+' operator due to loss of accuracy [C:/Users/student/Desktop/1155125476/2d_air_craft_game/2d_air_craft_game.srcs/sources_1/new/main.vhd:232]
INFO: [Synth 8-41] '_-' operator could not be merged with '+' operator due to loss of accuracy [C:/Users/student/Desktop/1155125476/2d_air_craft_game/2d_air_craft_game.srcs/sources_1/new/main.vhd:224]
INFO: [Synth 8-41] '_-' operator could not be merged with '+' operator due to loss of accuracy [C:/Users/student/Desktop/1155125476/2d_air_craft_game/2d_air_craft_game.srcs/sources_1/new/main.vhd:224]
INFO: [Synth 8-41] '_-' operator could not be merged with '+' operator due to loss of accuracy [C:/Users/student/Desktop/1155125476/2d_air_craft_game/2d_air_craft_game.srcs/sources_1/new/main.vhd:232]
INFO: [Synth 8-41] '_-' operator could not be merged with '+' operator due to loss of accuracy [C:/Users/student/Desktop/1155125476/2d_air_craft_game/2d_air_craft_game.srcs/sources_1/new/main.vhd:232]
INFO: [Synth 8-5545] ROM "hcount" won't be mapped to RAM because address size (32) is larger than maximum supported(25)
INFO: [Synth 8-5545] ROM "vcount" won't be mapped to RAM because address size (32) is larger than maximum supported(25)
INFO: [Synth 8-5545] ROM "vcount" won't be mapped to RAM because address size (32) is larger than maximum supported(25)
WARNING: [Synth 8-327] inferring latch for variable 'color_reg' [C:/Users/student/Desktop/1155125476/2d_air_craft_game/2d_air_craft_game.srcs/sources_1/new/main.vhd:225]
---------------------------------------------------------------------------------
Finished RTL Optimization Phase 2 : Time (s): cpu = 00:00:14 ; elapsed = 00:00:17 . Memory (MB): peak = 682.418 ; gain = 473.070
---------------------------------------------------------------------------------

Report RTL Partitions: 
+-+--------------+------------+----------+
| |RTL Partition |Replication |Instances |
+-+--------------+------------+----------+
+-+--------------+------------+----------+
---------------------------------------------------------------------------------
Start RTL Component Statistics 
---------------------------------------------------------------------------------
Detailed RTL Component Info : 
+---Adders : 
	   3 Input     33 Bit       Adders := 4     
	   2 Input     32 Bit       Adders := 18    
+---Registers : 
	               32 Bit    Registers := 6     
	                1 Bit    Registers := 5     
+---Muxes : 
	   2 Input     32 Bit        Muxes := 7     
	   7 Input      4 Bit        Muxes := 3     
	   4 Input      3 Bit        Muxes := 1     
	   2 Input      2 Bit        Muxes := 1     
	   2 Input      1 Bit        Muxes := 9     
---------------------------------------------------------------------------------
Finished RTL Component Statistics 
---------------------------------------------------------------------------------
---------------------------------------------------------------------------------
Start RTL Hierarchical Component Statistics 
---------------------------------------------------------------------------------
Hierarchical RTL Component report 
Module main 
Detailed RTL Component Info : 
+---Adders : 
	   3 Input     33 Bit       Adders := 4     
	   2 Input     32 Bit       Adders := 15    
+---Registers : 
	               32 Bit    Registers := 3     
	                1 Bit    Registers := 2     
+---Muxes : 
	   2 Input     32 Bit        Muxes := 4     
	   7 Input      4 Bit        Muxes := 3     
	   4 Input      3 Bit        Muxes := 1     
	   2 Input      2 Bit        Muxes := 1     
	   2 Input      1 Bit        Muxes := 6     
Module clock_divider 
Detailed RTL Component Info : 
+---Adders : 
	   2 Input     32 Bit       Adders := 1     
+---Registers : 
	               32 Bit    Registers := 1     
	                1 Bit    Registers := 1     
+---Muxes : 
	   2 Input     32 Bit        Muxes := 1     
	   2 Input      1 Bit        Muxes := 1     
Module clock_divider__parameterized1 
Detailed RTL Component Info : 
+---Adders : 
	   2 Input     32 Bit       Adders := 1     
+---Registers : 
	               32 Bit    Registers := 1     
	                1 Bit    Registers := 1     
+---Muxes : 
	   2 Input     32 Bit        Muxes := 1     
	   2 Input      1 Bit        Muxes := 1     
Module clock_divider__parameterized3 
Detailed RTL Component Info : 
+---Adders : 
	   2 Input     32 Bit       Adders := 1     
+---Registers : 
	               32 Bit    Registers := 1     
	                1 Bit    Registers := 1     
+---Muxes : 
	   2 Input     32 Bit        Muxes := 1     
	   2 Input      1 Bit        Muxes := 1     
---------------------------------------------------------------------------------
Finished RTL Hierarchical Component Statistics
---------------------------------------------------------------------------------
---------------------------------------------------------------------------------
Start Part Resource Summary
---------------------------------------------------------------------------------
Part Resources:
DSPs: 220 (col length:60)
BRAMs: 280 (col length: RAMB18 60 RAMB36 30)
---------------------------------------------------------------------------------
Finished Part Resource Summary
---------------------------------------------------------------------------------
---------------------------------------------------------------------------------
Start Cross Boundary and Area Optimization
---------------------------------------------------------------------------------
INFO: [Synth 8-5545] ROM "u_clk50mhz/counter" won't be mapped to RAM because address size (32) is larger than maximum supported(25)
INFO: [Synth 8-5545] ROM "u_clk50mhz/sig" won't be mapped to RAM because address size (32) is larger than maximum supported(25)
INFO: [Synth 8-5545] ROM "u_clk10hz/counter" won't be mapped to RAM because address size (32) is larger than maximum supported(25)
INFO: [Synth 8-5545] ROM "u_clk10hz/sig" won't be mapped to RAM because address size (32) is larger than maximum supported(25)
INFO: [Synth 8-5545] ROM "hcount" won't be mapped to RAM because address size (32) is larger than maximum supported(25)
INFO: [Synth 8-5545] ROM "vcount" won't be mapped to RAM because address size (32) is larger than maximum supported(25)
INFO: [Synth 8-5545] ROM "vcount" won't be mapped to RAM because address size (32) is larger than maximum supported(25)
INFO: [Synth 8-5545] ROM "u_clk50mhz/counter" won't be mapped to RAM because address size (32) is larger than maximum supported(25)
INFO: [Synth 8-5545] ROM "u_clk50mhz/sig" won't be mapped to RAM because address size (32) is larger than maximum supported(25)
INFO: [Synth 8-5545] ROM "hcount" won't be mapped to RAM because address size (32) is larger than maximum supported(25)
INFO: [Synth 8-5545] ROM "vcount" won't be mapped to RAM because address size (32) is larger than maximum supported(25)
INFO: [Synth 8-5545] ROM "vcount" won't be mapped to RAM because address size (32) is larger than maximum supported(25)
INFO: [Synth 8-5545] ROM "u_clk10hz/counter" won't be mapped to RAM because address size (32) is larger than maximum supported(25)
INFO: [Synth 8-5545] ROM "u_clk10hz/sig" won't be mapped to RAM because address size (32) is larger than maximum supported(25)
INFO: [Synth 8-3333] propagating constant 0 across sequential element (i_8/\enemy_y_reg[0] )
INFO: [Synth 8-3333] propagating constant 0 across sequential element (i_8/\enemy_y_reg[1] )
WARNING: [Synth 8-3332] Sequential element (bullet_y_reg[31]) is unused and will be removed from module main.
CRITICAL WARNING: [Synth 8-3352] multi-driven net Q with 1st driver pin 'bullet_y_reg[31]/Q' [C:/Users/student/Desktop/1155125476/2d_air_craft_game/2d_air_craft_game.srcs/sources_1/new/main.vhd:211]
CRITICAL WARNING: [Synth 8-3352] multi-driven net Q with 2nd driver pin 'VCC' [C:/Users/student/Desktop/1155125476/2d_air_craft_game/2d_air_craft_game.srcs/sources_1/new/main.vhd:211]
CRITICAL WARNING: [Synth 8-5559] multi-driven net Q is connected to constant driver, other driver is ignored [C:/Users/student/Desktop/1155125476/2d_air_craft_game/2d_air_craft_game.srcs/sources_1/new/main.vhd:211]
WARNING: [Synth 8-3332] Sequential element (bullet_y_reg[30]) is unused and will be removed from module main.
CRITICAL WARNING: [Synth 8-3352] multi-driven net Q with 1st driver pin 'bullet_y_reg[30]/Q' [C:/Users/student/Desktop/1155125476/2d_air_craft_game/2d_air_craft_game.srcs/sources_1/new/main.vhd:211]
CRITICAL WARNING: [Synth 8-3352] multi-driven net Q with 2nd driver pin 'VCC' [C:/Users/student/Desktop/1155125476/2d_air_craft_game/2d_air_craft_game.srcs/sources_1/new/main.vhd:211]
CRITICAL WARNING: [Synth 8-5559] multi-driven net Q is connected to constant driver, other driver is ignored [C:/Users/student/Desktop/1155125476/2d_air_craft_game/2d_air_craft_game.srcs/sources_1/new/main.vhd:211]
WARNING: [Synth 8-3332] Sequential element (bullet_y_reg[29]) is unused and will be removed from module main.
CRITICAL WARNING: [Synth 8-3352] multi-driven net Q with 1st driver pin 'bullet_y_reg[29]/Q' [C:/Users/student/Desktop/1155125476/2d_air_craft_game/2d_air_craft_game.srcs/sources_1/new/main.vhd:211]
CRITICAL WARNING: [Synth 8-3352] multi-driven net Q with 2nd driver pin 'VCC' [C:/Users/student/Desktop/1155125476/2d_air_craft_game/2d_air_craft_game.srcs/sources_1/new/main.vhd:211]
CRITICAL WARNING: [Synth 8-5559] multi-driven net Q is connected to constant driver, other driver is ignored [C:/Users/student/Desktop/1155125476/2d_air_craft_game/2d_air_craft_game.srcs/sources_1/new/main.vhd:211]
WARNING: [Synth 8-3332] Sequential element (bullet_y_reg[28]) is unused and will be removed from module main.
CRITICAL WARNING: [Synth 8-3352] multi-driven net Q with 1st driver pin 'bullet_y_reg[28]/Q' [C:/Users/student/Desktop/1155125476/2d_air_craft_game/2d_air_craft_game.srcs/sources_1/new/main.vhd:211]
CRITICAL WARNING: [Synth 8-3352] multi-driven net Q with 2nd driver pin 'VCC' [C:/Users/student/Desktop/1155125476/2d_air_craft_game/2d_air_craft_game.srcs/sources_1/new/main.vhd:211]
CRITICAL WARNING: [Synth 8-5559] multi-driven net Q is connected to constant driver, other driver is ignored [C:/Users/student/Desktop/1155125476/2d_air_craft_game/2d_air_craft_game.srcs/sources_1/new/main.vhd:211]
WARNING: [Synth 8-3332] Sequential element (bullet_y_reg[27]) is unused and will be removed from module main.
CRITICAL WARNING: [Synth 8-3352] multi-driven net Q with 1st driver pin 'bullet_y_reg[27]/Q' [C:/Users/student/Desktop/1155125476/2d_air_craft_game/2d_air_craft_game.srcs/sources_1/new/main.vhd:211]
CRITICAL WARNING: [Synth 8-3352] multi-driven net Q with 2nd driver pin 'VCC' [C:/Users/student/Desktop/1155125476/2d_air_craft_game/2d_air_craft_game.srcs/sources_1/new/main.vhd:211]
CRITICAL WARNING: [Synth 8-5559] multi-driven net Q is connected to constant driver, other driver is ignored [C:/Users/student/Desktop/1155125476/2d_air_craft_game/2d_air_craft_game.srcs/sources_1/new/main.vhd:211]
WARNING: [Synth 8-3332] Sequential element (bullet_y_reg[26]) is unused and will be removed from module main.
CRITICAL WARNING: [Synth 8-3352] multi-driven net Q with 1st driver pin 'bullet_y_reg[26]/Q' [C:/Users/student/Desktop/1155125476/2d_air_craft_game/2d_air_craft_game.srcs/sources_1/new/main.vhd:211]
CRITICAL WARNING: [Synth 8-3352] multi-driven net Q with 2nd driver pin 'VCC' [C:/Users/student/Desktop/1155125476/2d_air_craft_game/2d_air_craft_game.srcs/sources_1/new/main.vhd:211]
CRITICAL WARNING: [Synth 8-5559] multi-driven net Q is connected to constant driver, other driver is ignored [C:/Users/student/Desktop/1155125476/2d_air_craft_game/2d_air_craft_game.srcs/sources_1/new/main.vhd:211]
WARNING: [Synth 8-3332] Sequential element (bullet_y_reg[25]) is unused and will be removed from module main.
CRITICAL WARNING: [Synth 8-3352] multi-driven net Q with 1st driver pin 'bullet_y_reg[25]/Q' [C:/Users/student/Desktop/1155125476/2d_air_craft_game/2d_air_craft_game.srcs/sources_1/new/main.vhd:211]
CRITICAL WARNING: [Synth 8-3352] multi-driven net Q with 2nd driver pin 'VCC' [C:/Users/student/Desktop/1155125476/2d_air_craft_game/2d_air_craft_game.srcs/sources_1/new/main.vhd:211]
CRITICAL WARNING: [Synth 8-5559] multi-driven net Q is connected to constant driver, other driver is ignored [C:/Users/student/Desktop/1155125476/2d_air_craft_game/2d_air_craft_game.srcs/sources_1/new/main.vhd:211]
WARNING: [Synth 8-3332] Sequential element (bullet_y_reg[24]) is unused and will be removed from module main.
CRITICAL WARNING: [Synth 8-3352] multi-driven net Q with 1st driver pin 'bullet_y_reg[24]/Q' [C:/Users/student/Desktop/1155125476/2d_air_craft_game/2d_air_craft_game.srcs/sources_1/new/main.vhd:211]
CRITICAL WARNING: [Synth 8-3352] multi-driven net Q with 2nd driver pin 'VCC' [C:/Users/student/Desktop/1155125476/2d_air_craft_game/2d_air_craft_game.srcs/sources_1/new/main.vhd:211]
CRITICAL WARNING: [Synth 8-5559] multi-driven net Q is connected to constant driver, other driver is ignored [C:/Users/student/Desktop/1155125476/2d_air_craft_game/2d_air_craft_game.srcs/sources_1/new/main.vhd:211]
WARNING: [Synth 8-3332] Sequential element (bullet_y_reg[23]) is unused and will be removed from module main.
CRITICAL WARNING: [Synth 8-3352] multi-driven net Q with 1st driver pin 'bullet_y_reg[23]/Q' [C:/Users/student/Desktop/1155125476/2d_air_craft_game/2d_air_craft_game.srcs/sources_1/new/main.vhd:211]
CRITICAL WARNING: [Synth 8-3352] multi-driven net Q with 2nd driver pin 'VCC' [C:/Users/student/Desktop/1155125476/2d_air_craft_game/2d_air_craft_game.srcs/sources_1/new/main.vhd:211]
CRITICAL WARNING: [Synth 8-5559] multi-driven net Q is connected to constant driver, other driver is ignored [C:/Users/student/Desktop/1155125476/2d_air_craft_game/2d_air_craft_game.srcs/sources_1/new/main.vhd:211]
WARNING: [Synth 8-3332] Sequential element (bullet_y_reg[22]) is unused and will be removed from module main.
CRITICAL WARNING: [Synth 8-3352] multi-driven net Q with 1st driver pin 'bullet_y_reg[22]/Q' [C:/Users/student/Desktop/1155125476/2d_air_craft_game/2d_air_craft_game.srcs/sources_1/new/main.vhd:211]
CRITICAL WARNING: [Synth 8-3352] multi-driven net Q with 2nd driver pin 'VCC' [C:/Users/student/Desktop/1155125476/2d_air_craft_game/2d_air_craft_game.srcs/sources_1/new/main.vhd:211]
CRITICAL WARNING: [Synth 8-5559] multi-driven net Q is connected to constant driver, other driver is ignored [C:/Users/student/Desktop/1155125476/2d_air_craft_game/2d_air_craft_game.srcs/sources_1/new/main.vhd:211]
WARNING: [Synth 8-3332] Sequential element (bullet_y_reg[21]) is unused and will be removed from module main.
CRITICAL WARNING: [Synth 8-3352] multi-driven net Q with 1st driver pin 'bullet_y_reg[21]/Q' [C:/Users/student/Desktop/1155125476/2d_air_craft_game/2d_air_craft_game.srcs/sources_1/new/main.vhd:211]
CRITICAL WARNING: [Synth 8-3352] multi-driven net Q with 2nd driver pin 'VCC' [C:/Users/student/Desktop/1155125476/2d_air_craft_game/2d_air_craft_game.srcs/sources_1/new/main.vhd:211]
CRITICAL WARNING: [Synth 8-5559] multi-driven net Q is connected to constant driver, other driver is ignored [C:/Users/student/Desktop/1155125476/2d_air_craft_game/2d_air_craft_game.srcs/sources_1/new/main.vhd:211]
WARNING: [Synth 8-3332] Sequential element (bullet_y_reg[20]) is unused and will be removed from module main.
CRITICAL WARNING: [Synth 8-3352] multi-driven net Q with 1st driver pin 'bullet_y_reg[20]/Q' [C:/Users/student/Desktop/1155125476/2d_air_craft_game/2d_air_craft_game.srcs/sources_1/new/main.vhd:211]
CRITICAL WARNING: [Synth 8-3352] multi-driven net Q with 2nd driver pin 'VCC' [C:/Users/student/Desktop/1155125476/2d_air_craft_game/2d_air_craft_game.srcs/sources_1/new/main.vhd:211]
CRITICAL WARNING: [Synth 8-5559] multi-driven net Q is connected to constant driver, other driver is ignored [C:/Users/student/Desktop/1155125476/2d_air_craft_game/2d_air_craft_game.srcs/sources_1/new/main.vhd:211]
WARNING: [Synth 8-3332] Sequential element (bullet_y_reg[19]) is unused and will be removed from module main.
CRITICAL WARNING: [Synth 8-3352] multi-driven net Q with 1st driver pin 'bullet_y_reg[19]/Q' [C:/Users/student/Desktop/1155125476/2d_air_craft_game/2d_air_craft_game.srcs/sources_1/new/main.vhd:211]
CRITICAL WARNING: [Synth 8-3352] multi-driven net Q with 2nd driver pin 'VCC' [C:/Users/student/Desktop/1155125476/2d_air_craft_game/2d_air_craft_game.srcs/sources_1/new/main.vhd:211]
CRITICAL WARNING: [Synth 8-5559] multi-driven net Q is connected to constant driver, other driver is ignored [C:/Users/student/Desktop/1155125476/2d_air_craft_game/2d_air_craft_game.srcs/sources_1/new/main.vhd:211]
WARNING: [Synth 8-3332] Sequential element (bullet_y_reg[18]) is unused and will be removed from module main.
CRITICAL WARNING: [Synth 8-3352] multi-driven net Q with 1st driver pin 'bullet_y_reg[18]/Q' [C:/Users/student/Desktop/1155125476/2d_air_craft_game/2d_air_craft_game.srcs/sources_1/new/main.vhd:211]
CRITICAL WARNING: [Synth 8-3352] multi-driven net Q with 2nd driver pin 'VCC' [C:/Users/student/Desktop/1155125476/2d_air_craft_game/2d_air_craft_game.srcs/sources_1/new/main.vhd:211]
CRITICAL WARNING: [Synth 8-5559] multi-driven net Q is connected to constant driver, other driver is ignored [C:/Users/student/Desktop/1155125476/2d_air_craft_game/2d_air_craft_game.srcs/sources_1/new/main.vhd:211]
WARNING: [Synth 8-3332] Sequential element (bullet_y_reg[17]) is unused and will be removed from module main.
CRITICAL WARNING: [Synth 8-3352] multi-driven net Q with 1st driver pin 'bullet_y_reg[17]/Q' [C:/Users/student/Desktop/1155125476/2d_air_craft_game/2d_air_craft_game.srcs/sources_1/new/main.vhd:211]
CRITICAL WARNING: [Synth 8-3352] multi-driven net Q with 2nd driver pin 'VCC' [C:/Users/student/Desktop/1155125476/2d_air_craft_game/2d_air_craft_game.srcs/sources_1/new/main.vhd:211]
CRITICAL WARNING: [Synth 8-5559] multi-driven net Q is connected to constant driver, other driver is ignored [C:/Users/student/Desktop/1155125476/2d_air_craft_game/2d_air_craft_game.srcs/sources_1/new/main.vhd:211]
WARNING: [Synth 8-3332] Sequential element (bullet_y_reg[16]) is unused and will be removed from module main.
CRITICAL WARNING: [Synth 8-3352] multi-driven net Q with 1st driver pin 'bullet_y_reg[16]/Q' [C:/Users/student/Desktop/1155125476/2d_air_craft_game/2d_air_craft_game.srcs/sources_1/new/main.vhd:211]
CRITICAL WARNING: [Synth 8-3352] multi-driven net Q with 2nd driver pin 'VCC' [C:/Users/student/Desktop/1155125476/2d_air_craft_game/2d_air_craft_game.srcs/sources_1/new/main.vhd:211]
CRITICAL WARNING: [Synth 8-5559] multi-driven net Q is connected to constant driver, other driver is ignored [C:/Users/student/Desktop/1155125476/2d_air_craft_game/2d_air_craft_game.srcs/sources_1/new/main.vhd:211]
WARNING: [Synth 8-3332] Sequential element (bullet_y_reg[15]) is unused and will be removed from module main.
CRITICAL WARNING: [Synth 8-3352] multi-driven net Q with 1st driver pin 'bullet_y_reg[15]/Q' [C:/Users/student/Desktop/1155125476/2d_air_craft_game/2d_air_craft_game.srcs/sources_1/new/main.vhd:211]
CRITICAL WARNING: [Synth 8-3352] multi-driven net Q with 2nd driver pin 'VCC' [C:/Users/student/Desktop/1155125476/2d_air_craft_game/2d_air_craft_game.srcs/sources_1/new/main.vhd:211]
CRITICAL WARNING: [Synth 8-5559] multi-driven net Q is connected to constant driver, other driver is ignored [C:/Users/student/Desktop/1155125476/2d_air_craft_game/2d_air_craft_game.srcs/sources_1/new/main.vhd:211]
WARNING: [Synth 8-3332] Sequential element (bullet_y_reg[14]) is unused and will be removed from module main.
CRITICAL WARNING: [Synth 8-3352] multi-driven net Q with 1st driver pin 'bullet_y_reg[14]/Q' [C:/Users/student/Desktop/1155125476/2d_air_craft_game/2d_air_craft_game.srcs/sources_1/new/main.vhd:211]
CRITICAL WARNING: [Synth 8-3352] multi-driven net Q with 2nd driver pin 'VCC' [C:/Users/student/Desktop/1155125476/2d_air_craft_game/2d_air_craft_game.srcs/sources_1/new/main.vhd:211]
CRITICAL WARNING: [Synth 8-5559] multi-driven net Q is connected to constant driver, other driver is ignored [C:/Users/student/Desktop/1155125476/2d_air_craft_game/2d_air_craft_game.srcs/sources_1/new/main.vhd:211]
WARNING: [Synth 8-3332] Sequential element (bullet_y_reg[13]) is unused and will be removed from module main.
CRITICAL WARNING: [Synth 8-3352] multi-driven net Q with 1st driver pin 'bullet_y_reg[13]/Q' [C:/Users/student/Desktop/1155125476/2d_air_craft_game/2d_air_craft_game.srcs/sources_1/new/main.vhd:211]
CRITICAL WARNING: [Synth 8-3352] multi-driven net Q with 2nd driver pin 'VCC' [C:/Users/student/Desktop/1155125476/2d_air_craft_game/2d_air_craft_game.srcs/sources_1/new/main.vhd:211]
CRITICAL WARNING: [Synth 8-5559] multi-driven net Q is connected to constant driver, other driver is ignored [C:/Users/student/Desktop/1155125476/2d_air_craft_game/2d_air_craft_game.srcs/sources_1/new/main.vhd:211]
WARNING: [Synth 8-3332] Sequential element (bullet_y_reg[12]) is unused and will be removed from module main.
CRITICAL WARNING: [Synth 8-3352] multi-driven net Q with 1st driver pin 'bullet_y_reg[12]/Q' [C:/Users/student/Desktop/1155125476/2d_air_craft_game/2d_air_craft_game.srcs/sources_1/new/main.vhd:211]
CRITICAL WARNING: [Synth 8-3352] multi-driven net Q with 2nd driver pin 'VCC' [C:/Users/student/Desktop/1155125476/2d_air_craft_game/2d_air_craft_game.srcs/sources_1/new/main.vhd:211]
CRITICAL WARNING: [Synth 8-5559] multi-driven net Q is connected to constant driver, other driver is ignored [C:/Users/student/Desktop/1155125476/2d_air_craft_game/2d_air_craft_game.srcs/sources_1/new/main.vhd:211]
WARNING: [Synth 8-3332] Sequential element (bullet_y_reg[11]) is unused and will be removed from module main.
CRITICAL WARNING: [Synth 8-3352] multi-driven net Q with 1st driver pin 'bullet_y_reg[11]/Q' [C:/Users/student/Desktop/1155125476/2d_air_craft_game/2d_air_craft_game.srcs/sources_1/new/main.vhd:211]
CRITICAL WARNING: [Synth 8-3352] multi-driven net Q with 2nd driver pin 'VCC' [C:/Users/student/Desktop/1155125476/2d_air_craft_game/2d_air_craft_game.srcs/sources_1/new/main.vhd:211]
CRITICAL WARNING: [Synth 8-5559] multi-driven net Q is connected to constant driver, other driver is ignored [C:/Users/student/Desktop/1155125476/2d_air_craft_game/2d_air_craft_game.srcs/sources_1/new/main.vhd:211]
WARNING: [Synth 8-3332] Sequential element (bullet_y_reg[10]) is unused and will be removed from module main.
CRITICAL WARNING: [Synth 8-3352] multi-driven net Q with 1st driver pin 'bullet_y_reg[10]/Q' [C:/Users/student/Desktop/1155125476/2d_air_craft_game/2d_air_craft_game.srcs/sources_1/new/main.vhd:211]
CRITICAL WARNING: [Synth 8-3352] multi-driven net Q with 2nd driver pin 'VCC' [C:/Users/student/Desktop/1155125476/2d_air_craft_game/2d_air_craft_game.srcs/sources_1/new/main.vhd:211]
CRITICAL WARNING: [Synth 8-5559] multi-driven net Q is connected to constant driver, other driver is ignored [C:/Users/student/Desktop/1155125476/2d_air_craft_game/2d_air_craft_game.srcs/sources_1/new/main.vhd:211]
WARNING: [Synth 8-3332] Sequential element (bullet_y_reg[9]) is unused and will be removed from module main.
CRITICAL WARNING: [Synth 8-3352] multi-driven net Q with 1st driver pin 'bullet_y_reg[9]/Q' [C:/Users/student/Desktop/1155125476/2d_air_craft_game/2d_air_craft_game.srcs/sources_1/new/main.vhd:211]
CRITICAL WARNING: [Synth 8-3352] multi-driven net Q with 2nd driver pin 'VCC' [C:/Users/student/Desktop/1155125476/2d_air_craft_game/2d_air_craft_game.srcs/sources_1/new/main.vhd:211]
CRITICAL WARNING: [Synth 8-5559] multi-driven net Q is connected to constant driver, other driver is ignored [C:/Users/student/Desktop/1155125476/2d_air_craft_game/2d_air_craft_game.srcs/sources_1/new/main.vhd:211]
WARNING: [Synth 8-3332] Sequential element (bullet_y_reg[8]) is unused and will be removed from module main.
CRITICAL WARNING: [Synth 8-3352] multi-driven net Q with 1st driver pin 'bullet_y_reg[8]/Q' [C:/Users/student/Desktop/1155125476/2d_air_craft_game/2d_air_craft_game.srcs/sources_1/new/main.vhd:211]
CRITICAL WARNING: [Synth 8-3352] multi-driven net Q with 2nd driver pin 'VCC' [C:/Users/student/Desktop/1155125476/2d_air_craft_game/2d_air_craft_game.srcs/sources_1/new/main.vhd:211]
CRITICAL WARNING: [Synth 8-5559] multi-driven net Q is connected to constant driver, other driver is ignored [C:/Users/student/Desktop/1155125476/2d_air_craft_game/2d_air_craft_game.srcs/sources_1/new/main.vhd:211]
WARNING: [Synth 8-3332] Sequential element (bullet_y_reg[7]) is unused and will be removed from module main.
CRITICAL WARNING: [Synth 8-3352] multi-driven net Q with 1st driver pin 'bullet_y_reg[7]/Q' [C:/Users/student/Desktop/1155125476/2d_air_craft_game/2d_air_craft_game.srcs/sources_1/new/main.vhd:211]
CRITICAL WARNING: [Synth 8-3352] multi-driven net Q with 2nd driver pin 'VCC' [C:/Users/student/Desktop/1155125476/2d_air_craft_game/2d_air_craft_game.srcs/sources_1/new/main.vhd:211]
CRITICAL WARNING: [Synth 8-5559] multi-driven net Q is connected to constant driver, other driver is ignored [C:/Users/student/Desktop/1155125476/2d_air_craft_game/2d_air_craft_game.srcs/sources_1/new/main.vhd:211]
WARNING: [Synth 8-3332] Sequential element (bullet_y_reg[6]) is unused and will be removed from module main.
CRITICAL WARNING: [Synth 8-3352] multi-driven net Q with 1st driver pin 'bullet_y_reg[6]/Q' [C:/Users/student/Desktop/1155125476/2d_air_craft_game/2d_air_craft_game.srcs/sources_1/new/main.vhd:211]
CRITICAL WARNING: [Synth 8-3352] multi-driven net Q with 2nd driver pin 'VCC' [C:/Users/student/Desktop/1155125476/2d_air_craft_game/2d_air_craft_game.srcs/sources_1/new/main.vhd:211]
CRITICAL WARNING: [Synth 8-5559] multi-driven net Q is connected to constant driver, other driver is ignored [C:/Users/student/Desktop/1155125476/2d_air_craft_game/2d_air_craft_game.srcs/sources_1/new/main.vhd:211]
WARNING: [Synth 8-3332] Sequential element (bullet_y_reg[5]) is unused and will be removed from module main.
CRITICAL WARNING: [Synth 8-3352] multi-driven net Q with 1st driver pin 'bullet_y_reg[5]/Q' [C:/Users/student/Desktop/1155125476/2d_air_craft_game/2d_air_craft_game.srcs/sources_1/new/main.vhd:211]
CRITICAL WARNING: [Synth 8-3352] multi-driven net Q with 2nd driver pin 'GND' [C:/Users/student/Desktop/1155125476/2d_air_craft_game/2d_air_craft_game.srcs/sources_1/new/main.vhd:211]
CRITICAL WARNING: [Synth 8-5559] multi-driven net Q is connected to constant driver, other driver is ignored [C:/Users/student/Desktop/1155125476/2d_air_craft_game/2d_air_craft_game.srcs/sources_1/new/main.vhd:211]
WARNING: [Synth 8-3332] Sequential element (bullet_y_reg[4]) is unused and will be removed from module main.
CRITICAL WARNING: [Synth 8-3352] multi-driven net Q with 1st driver pin 'bullet_y_reg[4]/Q' [C:/Users/student/Desktop/1155125476/2d_air_craft_game/2d_air_craft_game.srcs/sources_1/new/main.vhd:211]
CRITICAL WARNING: [Synth 8-3352] multi-driven net Q with 2nd driver pin 'GND' [C:/Users/student/Desktop/1155125476/2d_air_craft_game/2d_air_craft_game.srcs/sources_1/new/main.vhd:211]
CRITICAL WARNING: [Synth 8-5559] multi-driven net Q is connected to constant driver, other driver is ignored [C:/Users/student/Desktop/1155125476/2d_air_craft_game/2d_air_craft_game.srcs/sources_1/new/main.vhd:211]
WARNING: [Synth 8-3332] Sequential element (bullet_y_reg[3]) is unused and will be removed from module main.
CRITICAL WARNING: [Synth 8-3352] multi-driven net Q with 1st driver pin 'bullet_y_reg[3]/Q' [C:/Users/student/Desktop/1155125476/2d_air_craft_game/2d_air_craft_game.srcs/sources_1/new/main.vhd:211]
CRITICAL WARNING: [Synth 8-3352] multi-driven net Q with 2nd driver pin 'VCC' [C:/Users/student/Desktop/1155125476/2d_air_craft_game/2d_air_craft_game.srcs/sources_1/new/main.vhd:211]
CRITICAL WARNING: [Synth 8-5559] multi-driven net Q is connected to constant driver, other driver is ignored [C:/Users/student/Desktop/1155125476/2d_air_craft_game/2d_air_craft_game.srcs/sources_1/new/main.vhd:211]
WARNING: [Synth 8-3332] Sequential element (bullet_y_reg[2]) is unused and will be removed from module main.
CRITICAL WARNING: [Synth 8-3352] multi-driven net Q with 1st driver pin 'bullet_y_reg[2]/Q' [C:/Users/student/Desktop/1155125476/2d_air_craft_game/2d_air_craft_game.srcs/sources_1/new/main.vhd:211]
CRITICAL WARNING: [Synth 8-3352] multi-driven net Q with 2nd driver pin 'VCC' [C:/Users/student/Desktop/1155125476/2d_air_craft_game/2d_air_craft_game.srcs/sources_1/new/main.vhd:211]
CRITICAL WARNING: [Synth 8-5559] multi-driven net Q is connected to constant driver, other driver is ignored [C:/Users/student/Desktop/1155125476/2d_air_craft_game/2d_air_craft_game.srcs/sources_1/new/main.vhd:211]
WARNING: [Synth 8-3332] Sequential element (bullet_y_reg[1]) is unused and will be removed from module main.
CRITICAL WARNING: [Synth 8-3352] multi-driven net Q with 1st driver pin 'bullet_y_reg[1]/Q' [C:/Users/student/Desktop/1155125476/2d_air_craft_game/2d_air_craft_game.srcs/sources_1/new/main.vhd:211]
CRITICAL WARNING: [Synth 8-3352] multi-driven net Q with 2nd driver pin 'VCC' [C:/Users/student/Desktop/1155125476/2d_air_craft_game/2d_air_craft_game.srcs/sources_1/new/main.vhd:211]
CRITICAL WARNING: [Synth 8-5559] multi-driven net Q is connected to constant driver, other driver is ignored [C:/Users/student/Desktop/1155125476/2d_air_craft_game/2d_air_craft_game.srcs/sources_1/new/main.vhd:211]
WARNING: [Synth 8-3332] Sequential element (bullet_y_reg[0]) is unused and will be removed from module main.
CRITICAL WARNING: [Synth 8-3352] multi-driven net Q with 1st driver pin 'bullet_y_reg[0]/Q' [C:/Users/student/Desktop/1155125476/2d_air_craft_game/2d_air_craft_game.srcs/sources_1/new/main.vhd:211]
CRITICAL WARNING: [Synth 8-3352] multi-driven net Q with 2nd driver pin 'GND' [C:/Users/student/Desktop/1155125476/2d_air_craft_game/2d_air_craft_game.srcs/sources_1/new/main.vhd:211]
CRITICAL WARNING: [Synth 8-5559] multi-driven net Q is connected to constant driver, other driver is ignored [C:/Users/student/Desktop/1155125476/2d_air_craft_game/2d_air_craft_game.srcs/sources_1/new/main.vhd:211]
WARNING: [Synth 8-3332] Sequential element (bullet_y_reg[31]__0) is unused and will be removed from module main.
WARNING: [Synth 8-3332] Sequential element (bullet_y_reg[30]__0) is unused and will be removed from module main.
WARNING: [Synth 8-3332] Sequential element (bullet_y_reg[29]__0) is unused and will be removed from module main.
WARNING: [Synth 8-3332] Sequential element (bullet_y_reg[28]__0) is unused and will be removed from module main.
WARNING: [Synth 8-3332] Sequential element (bullet_y_reg[27]__0) is unused and will be removed from module main.
WARNING: [Synth 8-3332] Sequential element (bullet_y_reg[26]__0) is unused and will be removed from module main.
WARNING: [Synth 8-3332] Sequential element (bullet_y_reg[25]__0) is unused and will be removed from module main.
WARNING: [Synth 8-3332] Sequential element (bullet_y_reg[24]__0) is unused and will be removed from module main.
WARNING: [Synth 8-3332] Sequential element (bullet_y_reg[23]__0) is unused and will be removed from module main.
WARNING: [Synth 8-3332] Sequential element (bullet_y_reg[22]__0) is unused and will be removed from module main.
WARNING: [Synth 8-3332] Sequential element (bullet_y_reg[21]__0) is unused and will be removed from module main.
WARNING: [Synth 8-3332] Sequential element (bullet_y_reg[20]__0) is unused and will be removed from module main.
WARNING: [Synth 8-3332] Sequential element (bullet_y_reg[19]__0) is unused and will be removed from module main.
WARNING: [Synth 8-3332] Sequential element (bullet_y_reg[18]__0) is unused and will be removed from module main.
WARNING: [Synth 8-3332] Sequential element (bullet_y_reg[17]__0) is unused and will be removed from module main.
WARNING: [Synth 8-3332] Sequential element (bullet_y_reg[16]__0) is unused and will be removed from module main.
WARNING: [Synth 8-3332] Sequential element (bullet_y_reg[15]__0) is unused and will be removed from module main.
WARNING: [Synth 8-3332] Sequential element (bullet_y_reg[14]__0) is unused and will be removed from module main.
WARNING: [Synth 8-3332] Sequential element (bullet_y_reg[13]__0) is unused and will be removed from module main.
WARNING: [Synth 8-3332] Sequential element (bullet_y_reg[12]__0) is unused and will be removed from module main.
WARNING: [Synth 8-3332] Sequential element (bullet_y_reg[11]__0) is unused and will be removed from module main.
WARNING: [Synth 8-3332] Sequential element (bullet_y_reg[10]__0) is unused and will be removed from module main.
WARNING: [Synth 8-3332] Sequential element (bullet_y_reg[9]__0) is unused and will be removed from module main.
WARNING: [Synth 8-3332] Sequential element (bullet_y_reg[8]__0) is unused and will be removed from module main.
WARNING: [Synth 8-3332] Sequential element (bullet_y_reg[7]__0) is unused and will be removed from module main.
WARNING: [Synth 8-3332] Sequential element (bullet_y_reg[6]__0) is unused and will be removed from module main.
WARNING: [Synth 8-3332] Sequential element (bullet_y_reg[5]__0) is unused and will be removed from module main.
WARNING: [Synth 8-3332] Sequential element (bullet_y_reg[4]__0) is unused and will be removed from module main.
WARNING: [Synth 8-3332] Sequential element (bullet_y_reg[3]__0) is unused and will be removed from module main.
WARNING: [Synth 8-3332] Sequential element (bullet_y_reg[2]__0) is unused and will be removed from module main.
WARNING: [Synth 8-3332] Sequential element (bullet_y_reg[1]__0) is unused and will be removed from module main.
WARNING: [Synth 8-3332] Sequential element (bullet_y_reg[0]__0) is unused and will be removed from module main.
WARNING: [Synth 8-3332] Sequential element (enemy_y_reg[0]) is unused and will be removed from module main.
WARNING: [Synth 8-3332] Sequential element (enemy_y_reg[1]) is unused and will be removed from module main.
---------------------------------------------------------------------------------
Finished Cross Boundary and Area Optimization : Time (s): cpu = 00:00:18 ; elapsed = 00:00:21 . Memory (MB): peak = 682.418 ; gain = 473.070
---------------------------------------------------------------------------------

Report RTL Partitions: 
+-+--------------+------------+----------+
| |RTL Partition |Replication |Instances |
+-+--------------+------------+----------+
+-+--------------+------------+----------+
---------------------------------------------------------------------------------
Start Timing Optimization
---------------------------------------------------------------------------------
---------------------------------------------------------------------------------
Start Applying XDC Timing Constraints
---------------------------------------------------------------------------------
---------------------------------------------------------------------------------
Finished Applying XDC Timing Constraints : Time (s): cpu = 00:00:26 ; elapsed = 00:00:29 . Memory (MB): peak = 682.418 ; gain = 473.070
---------------------------------------------------------------------------------
---------------------------------------------------------------------------------
Finished Timing Optimization : Time (s): cpu = 00:00:26 ; elapsed = 00:00:29 . Memory (MB): peak = 682.418 ; gain = 473.070
---------------------------------------------------------------------------------

Report RTL Partitions: 
+-+--------------+------------+----------+
| |RTL Partition |Replication |Instances |
+-+--------------+------------+----------+
+-+--------------+------------+----------+
---------------------------------------------------------------------------------
Start Technology Mapping
---------------------------------------------------------------------------------
WARNING: [Synth 8-3332] Sequential element (bullet_x_reg[0]) is unused and will be removed from module main.
WARNING: [Synth 8-3332] Sequential element (x_reg[0]) is unused and will be removed from module main.
WARNING: [Synth 8-3332] Sequential element (x_reg[1]) is unused and will be removed from module main.
WARNING: [Synth 8-3332] Sequential element (enemy_x_reg[0]) is unused and will be removed from module main.
WARNING: [Synth 8-3332] Sequential element (enemy_x_reg[1]) is unused and will be removed from module main.
WARNING: [Synth 8-3332] Sequential element (y_reg[0]) is unused and will be removed from module main.
WARNING: [Synth 8-3332] Sequential element (y_reg[1]) is unused and will be removed from module main.
---------------------------------------------------------------------------------
Finished Technology Mapping : Time (s): cpu = 00:00:27 ; elapsed = 00:00:30 . Memory (MB): peak = 682.418 ; gain = 473.070
---------------------------------------------------------------------------------

Report RTL Partitions: 
+-+--------------+------------+----------+
| |RTL Partition |Replication |Instances |
+-+--------------+------------+----------+
+-+--------------+------------+----------+
---------------------------------------------------------------------------------
Start IO Insertion
---------------------------------------------------------------------------------
---------------------------------------------------------------------------------
Start Flattening Before IO Insertion
---------------------------------------------------------------------------------
---------------------------------------------------------------------------------
Finished Flattening Before IO Insertion
---------------------------------------------------------------------------------
---------------------------------------------------------------------------------
Start Final Netlist Cleanup
---------------------------------------------------------------------------------
---------------------------------------------------------------------------------
Finished Final Netlist Cleanup
---------------------------------------------------------------------------------
---------------------------------------------------------------------------------
Finished IO Insertion : Time (s): cpu = 00:00:27 ; elapsed = 00:00:30 . Memory (MB): peak = 682.418 ; gain = 473.070
---------------------------------------------------------------------------------

Report Check Netlist: 
+------+------------------+-------+---------+-------+------------------+
|      |Item              |Errors |Warnings |Status |Description       |
+------+------------------+-------+---------+-------+------------------+
|1     |multi_driven_nets |      0|        0|Passed |Multi driven nets |
+------+------------------+-------+---------+-------+------------------+
---------------------------------------------------------------------------------
Start Renaming Generated Instances
---------------------------------------------------------------------------------
---------------------------------------------------------------------------------
Finished Renaming Generated Instances : Time (s): cpu = 00:00:27 ; elapsed = 00:00:30 . Memory (MB): peak = 682.418 ; gain = 473.070
---------------------------------------------------------------------------------

Report RTL Partitions: 
+-+--------------+------------+----------+
| |RTL Partition |Replication |Instances |
+-+--------------+------------+----------+
+-+--------------+------------+----------+
---------------------------------------------------------------------------------
Start Rebuilding User Hierarchy
---------------------------------------------------------------------------------
---------------------------------------------------------------------------------
Finished Rebuilding User Hierarchy : Time (s): cpu = 00:00:27 ; elapsed = 00:00:30 . Memory (MB): peak = 682.418 ; gain = 473.070
---------------------------------------------------------------------------------
---------------------------------------------------------------------------------
Start Renaming Generated Ports
---------------------------------------------------------------------------------
---------------------------------------------------------------------------------
Finished Renaming Generated Ports : Time (s): cpu = 00:00:27 ; elapsed = 00:00:30 . Memory (MB): peak = 682.418 ; gain = 473.070
---------------------------------------------------------------------------------
---------------------------------------------------------------------------------
Start Handling Custom Attributes
---------------------------------------------------------------------------------
---------------------------------------------------------------------------------
Finished Handling Custom Attributes : Time (s): cpu = 00:00:27 ; elapsed = 00:00:30 . Memory (MB): peak = 682.418 ; gain = 473.070
---------------------------------------------------------------------------------
---------------------------------------------------------------------------------
Start Renaming Generated Nets
---------------------------------------------------------------------------------
---------------------------------------------------------------------------------
Finished Renaming Generated Nets : Time (s): cpu = 00:00:27 ; elapsed = 00:00:30 . Memory (MB): peak = 682.418 ; gain = 473.070
---------------------------------------------------------------------------------
---------------------------------------------------------------------------------
Start Writing Synthesis Report
---------------------------------------------------------------------------------

Report BlackBoxes: 
+-+--------------+----------+
| |BlackBox name |Instances |
+-+--------------+----------+
+-+--------------+----------+

Report Cell Usage: 
+------+-------+------+
|      |Cell   |Count |
+------+-------+------+
|1     |BUFG   |     3|
|2     |CARRY4 |   264|
|3     |LUT1   |   558|
|4     |LUT2   |   500|
|5     |LUT3   |     5|
|6     |LUT4   |   230|
|7     |LUT5   |    72|
|8     |LUT6   |    11|
|9     |FDRE   |   283|
|10    |LDC    |     1|
|11    |LDCP   |     2|
|12    |IBUF   |     7|
|13    |OBUF   |    14|
+------+-------+------+

Report Instance Areas: 
+------+-------------+------------------------------+------+
|      |Instance     |Module                        |Cells |
+------+-------------+------------------------------+------+
|1     |top          |                              |  1950|
|2     |  u_clk10hz  |clock_divider__parameterized3 |    83|
|3     |  u_clk50mhz |clock_divider                 |    83|
+------+-------------+------------------------------+------+
---------------------------------------------------------------------------------
Finished Writing Synthesis Report : Time (s): cpu = 00:00:27 ; elapsed = 00:00:30 . Memory (MB): peak = 682.418 ; gain = 473.070
---------------------------------------------------------------------------------
Synthesis finished with 0 errors, 96 critical warnings and 74 warnings.
Synthesis Optimization Runtime : Time (s): cpu = 00:00:17 ; elapsed = 00:00:21 . Memory (MB): peak = 682.418 ; gain = 112.047
Synthesis Optimization Complete : Time (s): cpu = 00:00:28 ; elapsed = 00:00:31 . Memory (MB): peak = 682.418 ; gain = 473.070
INFO: [Project 1-571] Translating synthesized netlist
INFO: [Netlist 29-17] Analyzing 274 Unisim elements for replacement
INFO: [Netlist 29-28] Unisim Transformation completed in 0 CPU seconds
WARNING: [Netlist 29-101] Netlist 'main' is not ideal for floorplanning, since the cellview 'main' contains a large number of primitives.  Please consider enabling hierarchy in synthesis if you want to do floorplanning.
INFO: [Project 1-570] Preparing netlist for logic optimization
INFO: [Opt 31-138] Pushed 0 inverter(s) to 0 load pin(s).
INFO: [Project 1-111] Unisim Transformation Summary:
  A total of 3 instances were transformed.
  LDC => LDCE: 1 instances
  LDCP => LDCP (GND, LUT3, LUT3, LDCE, VCC): 2 instances

INFO: [Common 17-83] Releasing license: Synthesis
64 Infos, 81 Warnings, 96 Critical Warnings and 0 Errors encountered.
synth_design completed successfully
synth_design: Time (s): cpu = 00:00:26 ; elapsed = 00:00:27 . Memory (MB): peak = 682.418 ; gain = 443.746
INFO: [Common 17-1381] The checkpoint 'C:/Users/student/Desktop/1155125476/2d_air_craft_game/2d_air_craft_game.runs/synth_1/main.dcp' has been generated.
report_utilization: Time (s): cpu = 00:00:00 ; elapsed = 00:00:00.024 . Memory (MB): peak = 682.418 ; gain = 0.000
INFO: [Common 17-206] Exiting Vivado at Thu Apr 27 16:46:31 2023...
